<?xml version="1.0" encoding="UTF-8"?>
<testsuite name="dominio.unitaria.LibroTest" tests="1" skipped="0" failures="0" errors="0" timestamp="2019-08-25T02:59:46" hostname="DESKTOP-HLD0GQO" time="0.0">
  <properties/>
  <testcase name="crearLibroTest" classname="dominio.unitaria.LibroTest" time="0.0"/>
  <system-out><![CDATA[]]></system-out>
  <system-err><![CDATA[]]></system-err>
</testsuite>
