<?xml version="1.0" encoding="UTF-8"?>
<testsuite name="dominio.negocio.unitaria.CalcularFechaTest" tests="3" skipped="0" failures="0" errors="0" timestamp="2019-08-25T02:59:46" hostname="DESKTOP-HLD0GQO" time="0.002">
  <properties/>
  <testcase name="generarFechaEntregaLibroTest" classname="dominio.negocio.unitaria.CalcularFechaTest" time="0.001"/>
  <testcase name="obtenerFechaActualTest" classname="dominio.negocio.unitaria.CalcularFechaTest" time="0.0"/>
  <testcase name="sumarDiasFechaActualTest" classname="dominio.negocio.unitaria.CalcularFechaTest" time="0.0"/>
  <system-out><![CDATA[]]></system-out>
  <system-err><![CDATA[]]></system-err>
</testsuite>
